
> react-example@0.0.0 dev
> vite --port=3000 --host=0.0.0.0

[2m4:06:52 PM[22m [36m[1m[vite][22m[39m [90m[2m(client)[22m[39m Re-optimizing dependencies because lockfile has changed

  [32m[1mVITE[22m v6.4.2[39m  [2mready in [0m[1m786[22m[2m[0m ms[22m

  [32m➜[39m  [1mLocal[22m:   [36mhttp://localhost:[1m3000[22m/[39m
  [32m➜[39m  [1mNetwork[22m: [36mhttp://192.168.1.10:[1m3000[22m/[39m
[2m4:12:33 PM[22m [36m[1m[vite][22m[39m [90m[2m(client)[22m[39m [32mhmr update [39m[2m/src/components/layout/NotificationDropdown.tsx, /src/index.css, /@fs/C:\Users\Huynh Nhu\Downloads\Project\frontend\src\components\layout\CategoryMegaMenu.tsx, /@fs/C:\Users\Huynh Nhu\Downloads\Project\frontend\src\components\layout\SearchBar.tsx, /src/pages/HomePage.tsx, /@fs/C:\Users\Huynh Nhu\Downloads\Project\frontend\src\components\home\FlashSale.tsx[22m
[2m4:12:49 PM[22m [36m[1m[vite][22m[39m [90m[2m(client)[22m[39m [32mhmr update [39m[2m/src/components/layout/NotificationDropdown.tsx, /src/index.css, /@fs/C:\Users\Huynh Nhu\Downloads\Project\frontend\src\components\layout\CategoryMegaMenu.tsx, /@fs/C:\Users\Huynh Nhu\Downloads\Project\frontend\src\components\layout\SearchBar.tsx, /src/pages/HomePage.tsx, /@fs/C:\Users\Huynh Nhu\Downloads\Project\frontend\src\components\home\FlashSale.tsx[22m
[2m4:26:09 PM[22m [36m[1m[vite][22m[39m [90m[2m(client)[22m[39m [32mpage reload [39m[2mpackage.json[22m
[2m4:28:10 PM[22m [36m[1m[vite][22m[39m [90m[2m(client)[22m[39m [32mpage reload [39m[2msrc/main.tsx[22m
[2m4:28:10 PM[22m [36m[1m[vite][22m[39m [90m[2m(client)[22m[39m [32mhmr update [39m[2m/src/index.css[22m
[2m4:28:16 PM[22m [36m[1m[vite][22m[39m [90m[2m(client)[22m[39m [32mhmr update [39m[2m/src/pages/AdminDashboard.tsx, /src/index.css[22m
[2m4:28:26 PM[22m [36m[1m[vite][22m[39m [90m[2m(client)[22m[39m [32mhmr update [39m[2m/src/pages/AdminDashboard.tsx, /src/index.css[22m
[2m4:30:52 PM[22m [36m[1m[vite][22m[39m [90m[2m(client)[22m[39m [32mhmr update [39m[2m/src/pages/AdminDashboard.tsx, /src/index.css[22m
[2m4:31:10 PM[22m [36m[1m[vite][22m[39m [90m[2m(client)[22m[39m [32m✨ new dependencies optimized: [33m@ant-design/icons, antd[32m[39m
[2m4:31:10 PM[22m [36m[1m[vite][22m[39m [90m[2m(client)[22m[39m [32m✨ optimized dependencies changed. reloading[39m
[2m4:36:30 PM[22m [36m[1m[vite][22m[39m [90m[2m(client)[22m[39m [32mhmr update [39m[2m/@fs/C:\Users\Huynh Nhu\Downloads\Project\frontend\src\components\admin\AdminEnterpriseShell.tsx, /src/index.css[22m
[2m4:36:38 PM[22m [36m[1m[vite][22m[39m [90m[2m(client)[22m[39m [32mhmr update [39m[2m/src/index.css[22m
[2m4:38:01 PM[22m [36m[1m[vite][22m[39m [90m[2m(client)[22m[39m [32mhmr update [39m[2m/src/pages/AdminLoginPage.tsx, /src/index.css[22m
[2m4:38:42 PM[22m [36m[1m[vite][22m[39m [90m[2m(client)[22m[39m [32mhmr update [39m[2m/src/pages/AdminLoginPage.tsx, /src/index.css[22m
[2m4:46:19 PM[22m [36m[1m[vite][22m[39m [90m[2m(client)[22m[39m [32mhmr update [39m[2m/@fs/C:\Users\Huynh Nhu\Downloads\Project\frontend\src\components\admin\AdminEnterpriseShell.tsx, /src/index.css[22m
[2m4:46:29 PM[22m [36m[1m[vite][22m[39m [90m[2m(client)[22m[39m [32mhmr update [39m[2m/src/index.css[22m
[2m4:48:28 PM[22m [36m[1m[vite][22m[39m [90m[2m(client)[22m[39m [32mhmr update [39m[2m/src/pages/AdminDashboard.tsx, /src/index.css[22m
[2m4:48:36 PM[22m [36m[1m[vite][22m[39m [90m[2m(client)[22m[39m [32mhmr update [39m[2m/src/pages/AdminDashboard.tsx, /src/index.css[22m
[2m4:49:23 PM[22m [36m[1m[vite][22m[39m [90m[2m(client)[22m[39m [32mhmr update [39m[2m/src/pages/AdminDashboard.tsx, /src/index.css[22m
[2m4:53:17 PM[22m [36m[1m[vite][22m[39m [90m[2m(client)[22m[39m [32mhmr update [39m[2m/src/pages/AdminDashboard.tsx, /src/index.css[22m
[2m5:05:17 PM[22m [36m[1m[vite][22m[39m [90m[2m(client)[22m[39m [32mhmr update [39m[2m/@fs/C:\Users\Huynh Nhu\Downloads\Project\frontend\src\components\admin\AdminEnterpriseShell.tsx, /src/index.css[22m
[2m5:05:52 PM[22m [36m[1m[vite][22m[39m [90m[2m(client)[22m[39m [32mhmr update [39m[2m/src/pages/AdminDashboard.tsx, /src/index.css[22m
[2m5:06:04 PM[22m [36m[1m[vite][22m[39m [90m[2m(client)[22m[39m [32mhmr update [39m[2m/src/pages/AdminDashboard.tsx, /src/index.css[22m
[2m5:06:20 PM[22m [36m[1m[vite][22m[39m [90m[2m(client)[22m[39m [32mhmr update [39m[2m/src/pages/AdminDashboard.tsx, /src/index.css[22m
[2m5:07:00 PM[22m [36m[1m[vite][22m[39m [90m[2m(client)[22m[39m [32mhmr update [39m[2m/src/pages/AdminDashboard.tsx, /src/index.css[22m
[2m5:09:11 PM[22m [36m[1m[vite][22m[39m [90m[2m(client)[22m[39m [32mhmr update [39m[2m/src/pages/AdminDashboard.tsx, /src/index.css[22m
[2m5:10:38 PM[22m [36m[1m[vite][22m[39m [90m[2m(client)[22m[39m [32mhmr update [39m[2m/@fs/C:\Users\Huynh Nhu\Downloads\Project\frontend\src\components\admin\AdminEnterpriseShell.tsx, /src/index.css[22m
[2m5:16:06 PM[22m [36m[1m[vite][22m[39m [90m[2m(client)[22m[39m [32mhmr update [39m[2m/src/pages/AdminDashboard.tsx, /src/index.css[22m
[2m5:17:28 PM[22m [36m[1m[vite][22m[39m [90m[2m(client)[22m[39m [32mhmr update [39m[2m/src/pages/AdminDashboard.tsx, /src/index.css[22m
[2m5:17:58 PM[22m [36m[1m[vite][22m[39m [90m[2m(client)[22m[39m [32mhmr update [39m[2m/src/App.tsx, /src/index.css[22m
[2m5:24:02 PM[22m [36m[1m[vite][22m[39m [90m[2m(client)[22m[39m [32mhmr update [39m[2m/src/pages/AdminLoginPage.tsx, /src/index.css[22m
[2m5:24:02 PM[22m [36m[1m[vite][22m[39m [90m[2m(client)[22m[39m [32mhmr update [39m[2m/src/pages/AdminDashboard.tsx, /src/index.css[22m
[2m5:24:24 PM[22m [36m[1m[vite][22m[39m [90m[2m(client)[22m[39m [32mhmr update [39m[2m/src/pages/AdminLoginPage.tsx, /src/index.css[22m
[2m5:24:57 PM[22m [36m[1m[vite][22m[39m [90m[2m(client)[22m[39m [32mhmr update [39m[2m/src/pages/AdminDashboard.tsx, /src/index.css[22m
[2m5:25:30 PM[22m [36m[1m[vite][22m[39m [90m[2m(client)[22m[39m [32mhmr update [39m[2m/src/pages/AdminDashboard.tsx, /src/index.css[22m
[2m5:26:28 PM[22m [36m[1m[vite][22m[39m [90m[2m(client)[22m[39m [32mhmr update [39m[2m/src/pages/AdminDashboard.tsx, /src/index.css[22m
[2m5:26:54 PM[22m [36m[1m[vite][22m[39m [90m[2m(client)[22m[39m [32mhmr update [39m[2m/src/pages/AdminDashboard.tsx, /src/index.css[22m
[2m5:27:07 PM[22m [36m[1m[vite][22m[39m [90m[2m(client)[22m[39m [32mhmr update [39m[2m/src/pages/AdminDashboard.tsx, /src/index.css[22m
[2m5:27:37 PM[22m [36m[1m[vite][22m[39m [90m[2m(client)[22m[39m [32mhmr update [39m[2m/src/pages/AdminDashboard.tsx, /src/index.css[22m
[2m5:30:21 PM[22m [36m[1m[vite][22m[39m [90m[2m(client)[22m[39m [32mhmr update [39m[2m/src/pages/AdminDashboard.tsx, /src/index.css[22m
[2m5:30:21 PM[22m [36m[1m[vite][22m[39m [90m[2m(client)[22m[39m [32mhmr update [39m[2m/src/pages/AdminLoginPage.tsx, /src/index.css[22m
[2m5:31:57 PM[22m [36m[1m[vite][22m[39m [90m[2m(client)[22m[39m [32mhmr update [39m[2m/@fs/C:\Users\Huynh Nhu\Downloads\Project\frontend\src\components\product\ProductCard.tsx, /src/index.css[22m
[2m5:31:57 PM[22m [36m[1m[vite][22m[39m [90m[2m(client)[22m[39m [32mhmr update [39m[2m/@fs/C:\Users\Huynh Nhu\Downloads\Project\frontend\src\components\product\ProductCard.tsx, /src/index.css[22m
[2m5:33:14 PM[22m [36m[1m[vite][22m[39m [90m[2m(client)[22m[39m [32mhmr update [39m[2m/src/pages/ImagesPage.tsx, /src/index.css[22m
[2m5:33:14 PM[22m [36m[1m[vite][22m[39m [90m[2m(client)[22m[39m [32mhmr update [39m[2m/src/pages/ImagesPage.tsx, /src/index.css[22m
[2m5:33:26 PM[22m [36m[1m[vite][22m[39m [90m[2m(client)[22m[39m [32mhmr update [39m[2m/src/pages/AdminDashboard.tsx, /src/index.css[22m
[2m5:40:03 PM[22m [36m[1m[vite][22m[39m [90m[2m(client)[22m[39m [32mhmr update [39m[2m/src/pages/AdminDashboard.tsx, /src/index.css[22m
[2m5:40:03 PM[22m [36m[1m[vite][22m[39m [90m[2m(client)[22m[39m [32mhmr update [39m[2m/src/pages/AdminLoginPage.tsx, /src/index.css[22m
[2m5:43:37 PM[22m [36m[1m[vite][22m[39m [90m[2m(client)[22m[39m [32mhmr update [39m[2m/src/pages/AdminDashboard.tsx, /src/index.css[22m
[2m5:45:34 PM[22m [36m[1m[vite][22m[39m [90m[2m(client)[22m[39m [32mhmr update [39m[2m/src/pages/AdminDashboard.tsx, /src/index.css[22m
[2m5:46:26 PM[22m [36m[1m[vite][22m[39m [90m[2m(client)[22m[39m [32mhmr update [39m[2m/src/pages/AdminDashboard.tsx, /src/index.css[22m
[2m5:47:14 PM[22m [36m[1m[vite][22m[39m [90m[2m(client)[22m[39m [32mhmr update [39m[2m/src/pages/AdminDashboard.tsx, /src/index.css[22m
[2m5:48:41 PM[22m [36m[1m[vite][22m[39m [90m[2m(client)[22m[39m [32mhmr update [39m[2m/src/pages/AdminDashboard.tsx, /src/index.css[22m
[2m5:49:28 PM[22m [36m[1m[vite][22m[39m [90m[2m(client)[22m[39m [32mhmr update [39m[2m/src/pages/AdminDashboard.tsx, /src/index.css[22m
[2m5:49:52 PM[22m [36m[1m[vite][22m[39m [90m[2m(client)[22m[39m [32mhmr update [39m[2m/src/pages/AdminDashboard.tsx, /src/index.css[22m
[2m5:50:29 PM[22m [36m[1m[vite][22m[39m [90m[2m(client)[22m[39m [32mhmr update [39m[2m/src/pages/AdminDashboard.tsx, /src/index.css[22m
[2m5:50:42 PM[22m [36m[1m[vite][22m[39m [90m[2m(client)[22m[39m [32mhmr update [39m[2m/src/pages/AdminDashboard.tsx, /src/index.css[22m
[2m5:51:07 PM[22m [36m[1m[vite][22m[39m [90m[2m(client)[22m[39m [32mhmr update [39m[2m/src/pages/AdminDashboard.tsx, /src/index.css[22m
[2m5:51:20 PM[22m [36m[1m[vite][22m[39m [90m[2m(client)[22m[39m [32mhmr update [39m[2m/@fs/C:\Users\Huynh Nhu\Downloads\Project\frontend\src\components\admin\AdminEnterpriseShell.tsx, /src/index.css[22m
[2m5:51:27 PM[22m [36m[1m[vite][22m[39m [90m[2m(client)[22m[39m [32mhmr update [39m[2m/src/index.css[22m
[2m5:51:37 PM[22m [36m[1m[vite][22m[39m [90m[2m(client)[22m[39m [32mpage reload [39m[2mdocs/admin-dashboard-ui-audit.md[22m
[2m6:01:32 PM[22m [36m[1m[vite][22m[39m [90m[2m(client)[22m[39m [32mhmr update [39m[2m/src/pages/AdminDashboard.tsx, /src/index.css[22m
[2m6:01:43 PM[22m [36m[1m[vite][22m[39m [90m[2m(client)[22m[39m [32mhmr update [39m[2m/src/pages/AdminDashboard.tsx, /src/index.css[22m
[2m6:03:11 PM[22m [36m[1m[vite][22m[39m [90m[2m(client)[22m[39m [32mpage reload [39m[2mdocs/admin-dashboard-ui-audit.md[22m
[2m6:03:45 PM[22m [36m[1m[vite][22m[39m [90m[2m(client)[22m[39m [32mpage reload [39m[2mdocs/admin-dashboard-ui-audit.md[22m
[2m6:09:21 PM[22m [36m[1m[vite][22m[39m [90m[2m(client)[22m[39m [32mhmr update [39m[2m/src/pages/AdminDashboard.tsx, /src/index.css[22m
[2m6:09:39 PM[22m [36m[1m[vite][22m[39m [90m[2m(client)[22m[39m [32mhmr update [39m[2m/src/pages/AdminDashboard.tsx, /src/index.css[22m
[2m6:10:18 PM[22m [36m[1m[vite][22m[39m [90m[2m(client)[22m[39m [32mhmr update [39m[2m/src/pages/AdminDashboard.tsx, /src/index.css[22m
[2m6:10:26 PM[22m [36m[1m[vite][22m[39m [90m[2m(client)[22m[39m [32mhmr update [39m[2m/src/pages/AdminDashboard.tsx, /src/index.css[22m
[2m6:12:13 PM[22m [36m[1m[vite][22m[39m [90m[2m(client)[22m[39m [32mhmr update [39m[2m/src/pages/AdminDashboard.tsx, /src/index.css[22m
[2m6:12:49 PM[22m [36m[1m[vite][22m[39m [90m[2m(client)[22m[39m [32mhmr update [39m[2m/src/pages/AdminDashboard.tsx, /src/index.css[22m
[2m6:14:00 PM[22m [36m[1m[vite][22m[39m [90m[2m(client)[22m[39m [32mhmr update [39m[2m/src/pages/AdminDashboard.tsx, /src/index.css[22m
[2m6:14:15 PM[22m [36m[1m[vite][22m[39m [90m[2m(client)[22m[39m [32mhmr update [39m[2m/src/pages/AdminDashboard.tsx, /src/index.css[22m
[2m6:14:23 PM[22m [36m[1m[vite][22m[39m [90m[2m(client)[22m[39m [32mhmr update [39m[2m/src/pages/AdminDashboard.tsx, /src/index.css[22m
[2m6:14:31 PM[22m [36m[1m[vite][22m[39m [90m[2m(client)[22m[39m [32mhmr update [39m[2m/src/pages/AdminDashboard.tsx, /src/index.css[22m
[2m6:15:12 PM[22m [36m[1m[vite][22m[39m [90m[2m(client)[22m[39m [32mpage reload [39m[2mdocs/admin-dashboard-ui-audit.md[22m
[2m6:18:39 PM[22m [36m[1m[vite][22m[39m [90m[2m(client)[22m[39m [32mhmr update [39m[2m/src/pages/AdminDashboard.tsx, /src/index.css[22m
[2m6:18:50 PM[22m [36m[1m[vite][22m[39m [90m[2m(client)[22m[39m [32mhmr update [39m[2m/src/index.css[22m
[2m6:18:59 PM[22m [36m[1m[vite][22m[39m [90m[2m(client)[22m[39m [32mpage reload [39m[2mdocs/admin-dashboard-ui-audit.md[22m
[2m6:21:06 PM[22m [36m[1m[vite][22m[39m [90m[2m(client)[22m[39m [32mpage reload [39m[2msrc/pages/AdminDashboard.restore.tsx[22m
[2m6:21:20 PM[22m [36m[1m[vite][22m[39m [90m[2m(client)[22m[39m [32mhmr update [39m[2m/src/index.css[22m
[2m6:21:26 PM[22m [36m[1m[vite][22m[39m [90m[2m(client)[22m[39m [32mpage reload [39m[2mdocs/admin-dashboard-ui-audit.md[22m
[2m6:26:07 PM[22m [36m[1m[vite][22m[39m [90m[2m(client)[22m[39m [32mhmr update [39m[2m/src/pages/AdminDashboard.tsx, /src/index.css[22m
[2m6:26:16 PM[22m [36m[1m[vite][22m[39m [90m[2m(client)[22m[39m [32mhmr update [39m[2m/src/pages/AdminDashboard.tsx, /src/index.css[22m
[2m6:27:00 PM[22m [36m[1m[vite][22m[39m [90m[2m(client)[22m[39m [32mhmr update [39m[2m/src/pages/AdminDashboard.tsx, /src/index.css[22m
[2m6:27:07 PM[22m [36m[1m[vite][22m[39m [90m[2m(client)[22m[39m [32mpage reload [39m[2mdocs/admin-dashboard-ui-audit.md[22m
[2m6:29:03 PM[22m [36m[1m[vite][22m[39m [90m[2m(client)[22m[39m [32mhmr update [39m[2m/src/pages/AdminDashboard.tsx, /src/index.css[22m
[2m6:29:09 PM[22m [36m[1m[vite][22m[39m [90m[2m(client)[22m[39m [32mpage reload [39m[2mdocs/admin-dashboard-ui-audit.md[22m
[2m6:40:41 PM[22m [36m[1m[vite][22m[39m [90m[2m(client)[22m[39m [32mhmr update [39m[2m/@fs/C:\Users\Huynh Nhu\Downloads\Project\frontend\src\components\product\ProductDetail.tsx, /src/index.css[22m
[2m6:44:37 PM[22m [36m[1m[vite][22m[39m [90m[2m(client)[22m[39m [32mhmr update [39m[2m/@fs/C:\Users\Huynh Nhu\Downloads\Project\frontend\src\components\product\ProductDetail.tsx, /src/index.css[22m
[2m6:48:06 PM[22m [36m[1m[vite][22m[39m [90m[2m(client)[22m[39m [32mhmr update [39m[2m/@fs/C:\Users\Huynh Nhu\Downloads\Project\frontend\src\components\product\ProductDetail.tsx, /src/index.css[22m
[2m6:51:10 PM[22m [36m[1m[vite][22m[39m [90m[2m(client)[22m[39m [32mhmr update [39m[2m/@fs/C:\Users\Huynh Nhu\Downloads\Project\frontend\src\components\product\ProductDetail.tsx, /src/index.css[22m
[2m7:14:38 PM[22m [36m[1m[vite][22m[39m [90m[2m(client)[22m[39m [32mhmr update [39m[2m/src/pages/AdminDashboard.tsx, /src/index.css[22m
[2m7:14:43 PM[22m [36m[1m[vite][22m[39m [90m[2m(client)[22m[39m [32mhmr update [39m[2m/src/pages/AdminDashboard.tsx, /src/index.css[22m
[2m7:14:51 PM[22m [36m[1m[vite][22m[39m [90m[2m(client)[22m[39m [32mhmr update [39m[2m/src/pages/AdminDashboard.tsx, /src/index.css[22m
[2m7:15:04 PM[22m [36m[1m[vite][22m[39m [90m[2m(client)[22m[39m [32mhmr update [39m[2m/src/pages/AdminDashboard.tsx, /src/index.css[22m
[2m7:15:14 PM[22m [36m[1m[vite][22m[39m [90m[2m(client)[22m[39m [32mhmr update [39m[2m/src/pages/AdminDashboard.tsx, /src/index.css[22m
[2m7:15:35 PM[22m [36m[1m[vite][22m[39m [90m[2m(client)[22m[39m [32mhmr update [39m[2m/src/pages/AdminDashboard.tsx, /src/index.css[22m
[2m7:16:15 PM[22m [36m[1m[vite][22m[39m [90m[2m(client)[22m[39m [32mhmr update [39m[2m/src/pages/AdminDashboard.tsx, /src/index.css[22m
[2m7:16:37 PM[22m [36m[1m[vite][22m[39m [90m[2m(client)[22m[39m [32mhmr update [39m[2m/src/pages/AdminDashboard.tsx, /src/index.css[22m
[2m7:24:22 PM[22m [36m[1m[vite][22m[39m [90m[2m(client)[22m[39m [32mhmr update [39m[2m/src/pages/AdminDashboard.tsx, /src/index.css[22m
