[2m5:16:06 PM[22m [31m[1m[vite][22m[39m [31mInternal server error: C:\Users\Huynh Nhu\Downloads\Project\frontend\src\pages\AdminDashboard.tsx: Unexpected token (2051:0)

[0m [90m 2049 |[31m             )}
 [90m 2050 |[31m
[31m[1m>[22m[31m[90m 2051 |[31m
 [90m      |[31m [31m[1m^[22m[31m[0m[39m
  Plugin: [35mvite:react-babel[39m
  File: [36mC:/Users/Huynh Nhu/Downloads/Project/frontend/src/pages/AdminDashboard.tsx[39m:2051:0
[33m  2049|              )}
  2050|  
  2051|  
     |  ^[39m
      at constructor (C:\Users\Huynh Nhu\Downloads\Project\frontend\node_modules\@babel\parser\lib\index.js:365:19)
      at TypeScriptParserMixin.raise (C:\Users\Huynh Nhu\Downloads\Project\frontend\node_modules\@babel\parser\lib\index.js:6616:19)
      at TypeScriptParserMixin.unexpected (C:\Users\Huynh Nhu\Downloads\Project\frontend\node_modules\@babel\parser\lib\index.js:6636:16)
      at TypeScriptParserMixin.parseExprAtom (C:\Users\Huynh Nhu\Downloads\Project\frontend\node_modules\@babel\parser\lib\index.js:11459:22)
      at TypeScriptParserMixin.parseExprAtom (C:\Users\Huynh Nhu\Downloads\Project\frontend\node_modules\@babel\parser\lib\index.js:4776:20)
      at TypeScriptParserMixin.parseExprSubscripts (C:\Users\Huynh Nhu\Downloads\Project\frontend\node_modules\@babel\parser\lib\index.js:11098:23)
      at TypeScriptParserMixin.parseUpdate (C:\Users\Huynh Nhu\Downloads\Project\frontend\node_modules\@babel\parser\lib\index.js:11083:21)
      at TypeScriptParserMixin.parseMaybeUnary (C:\Users\Huynh Nhu\Downloads\Project\frontend\node_modules\@babel\parser\lib\index.js:11063:23)
      at TypeScriptParserMixin.parseMaybeUnary (C:\Users\Huynh Nhu\Downloads\Project\frontend\node_modules\@babel\parser\lib\index.js:9854:18)
      at TypeScriptParserMixin.parseMaybeUnaryOrPrivate (C:\Users\Huynh Nhu\Downloads\Project\frontend\node_modules\@babel\parser\lib\index.js:10916:61)
      at TypeScriptParserMixin.parseExprOps (C:\Users\Huynh Nhu\Downloads\Project\frontend\node_modules\@babel\parser\lib\index.js:10921:23)
      at TypeScriptParserMixin.parseMaybeConditional (C:\Users\Huynh Nhu\Downloads\Project\frontend\node_modules\@babel\parser\lib\index.js:10898:23)
      at TypeScriptParserMixin.parseMaybeAssign (C:\Users\Huynh Nhu\Downloads\Project\frontend\node_modules\@babel\parser\lib\index.js:10848:21)
      at TypeScriptParserMixin.parseMaybeAssign (C:\Users\Huynh Nhu\Downloads\Project\frontend\node_modules\@babel\parser\lib\index.js:9803:20)
      at TypeScriptParserMixin.parseExpressionBase (C:\Users\Huynh Nhu\Downloads\Project\frontend\node_modules\@babel\parser\lib\index.js:10801:23)
      at C:\Users\Huynh Nhu\Downloads\Project\frontend\node_modules\@babel\parser\lib\index.js:10797:39
      at TypeScriptParserMixin.allowInAnd (C:\Users\Huynh Nhu\Downloads\Project\frontend\node_modules\@babel\parser\lib\index.js:12438:16)
      at TypeScriptParserMixin.parseExpression (C:\Users\Huynh Nhu\Downloads\Project\frontend\node_modules\@babel\parser\lib\index.js:10797:17)
      at TypeScriptParserMixin.parseStatementContent (C:\Users\Huynh Nhu\Downloads\Project\frontend\node_modules\@babel\parser\lib\index.js:12912:23)
      at TypeScriptParserMixin.parseStatementContent (C:\Users\Huynh Nhu\Downloads\Project\frontend\node_modules\@babel\parser\lib\index.js:9525:18)
      at TypeScriptParserMixin.parseStatementLike (C:\Users\Huynh Nhu\Downloads\Project\frontend\node_modules\@babel\parser\lib\index.js:12784:17)
      at TypeScriptParserMixin.parseStatementListItem (C:\Users\Huynh Nhu\Downloads\Project\frontend\node_modules\@babel\parser\lib\index.js:12764:17)
      at TypeScriptParserMixin.parseBlockOrModuleBlockBody (C:\Users\Huynh Nhu\Downloads\Project\frontend\node_modules\@babel\parser\lib\index.js:13333:61)
      at TypeScriptParserMixin.parseBlockBody (C:\Users\Huynh Nhu\Downloads\Project\frontend\node_modules\@babel\parser\lib\index.js:13326:10)
      at TypeScriptParserMixin.parseBlock (C:\Users\Huynh Nhu\Downloads\Project\frontend\node_modules\@babel\parser\lib\index.js:13314:10)
      at TypeScriptParserMixin.parseFunctionBody (C:\Users\Huynh Nhu\Downloads\Project\frontend\node_modules\@babel\parser\lib\index.js:12117:24)
      at TypeScriptParserMixin.parseFunctionBodyAndFinish (C:\Users\Huynh Nhu\Downloads\Project\frontend\node_modules\@babel\parser\lib\index.js:12103:10)
      at TypeScriptParserMixin.parseFunctionBodyAndFinish (C:\Users\Huynh Nhu\Downloads\Project\frontend\node_modules\@babel\parser\lib\index.js:9189:18)
      at C:\Users\Huynh Nhu\Downloads\Project\frontend\node_modules\@babel\parser\lib\index.js:13462:12
      at TypeScriptParserMixin.withSmartMixTopicForbiddingContext (C:\Users\Huynh Nhu\Downloads\Project\frontend\node_modules\@babel\parser\lib\index.js:12420:14)
      at TypeScriptParserMixin.parseFunction (C:\Users\Huynh Nhu\Downloads\Project\frontend\node_modules\@babel\parser\lib\index.js:13461:10)
      at TypeScriptParserMixin.parseExportDefaultExpression (C:\Users\Huynh Nhu\Downloads\Project\frontend\node_modules\@babel\parser\lib\index.js:13924:19)
      at TypeScriptParserMixin.parseExportDefaultExpression (C:\Users\Huynh Nhu\Downloads\Project\frontend\node_modules\@babel\parser\lib\index.js:9419:18)
      at TypeScriptParserMixin.parseExport (C:\Users\Huynh Nhu\Downloads\Project\frontend\node_modules\@babel\parser\lib\index.js:13845:25)
      at TypeScriptParserMixin.parseExport (C:\Users\Huynh Nhu\Downloads\Project\frontend\node_modules\@babel\parser\lib\index.js:9402:20)
      at TypeScriptParserMixin.parseStatementContent (C:\Users\Huynh Nhu\Downloads\Project\frontend\node_modules\@babel\parser\lib\index.js:12895:27)
      at TypeScriptParserMixin.parseStatementContent (C:\Users\Huynh Nhu\Downloads\Project\frontend\node_modules\@babel\parser\lib\index.js:9525:18)
      at TypeScriptParserMixin.parseStatementLike (C:\Users\Huynh Nhu\Downloads\Project\frontend\node_modules\@babel\parser\lib\index.js:12784:17)
      at TypeScriptParserMixin.parseModuleItem (C:\Users\Huynh Nhu\Downloads\Project\frontend\node_modules\@babel\parser\lib\index.js:12761:17)
      at TypeScriptParserMixin.parseBlockOrModuleBlockBody (C:\Users\Huynh Nhu\Downloads\Project\frontend\node_modules\@babel\parser\lib\index.js:13333:36)
      at TypeScriptParserMixin.parseBlockBody (C:\Users\Huynh Nhu\Downloads\Project\frontend\node_modules\@babel\parser\lib\index.js:13326:10)
      at TypeScriptParserMixin.parseProgram (C:\Users\Huynh Nhu\Downloads\Project\frontend\node_modules\@babel\parser\lib\index.js:12639:10)
      at TypeScriptParserMixin.parseTopLevel (C:\Users\Huynh Nhu\Downloads\Project\frontend\node_modules\@babel\parser\lib\index.js:12629:25)
      at TypeScriptParserMixin.parse (C:\Users\Huynh Nhu\Downloads\Project\frontend\node_modules\@babel\parser\lib\index.js:14505:25)
      at TypeScriptParserMixin.parse (C:\Users\Huynh Nhu\Downloads\Project\frontend\node_modules\@babel\parser\lib\index.js:10143:18)
      at parse (C:\Users\Huynh Nhu\Downloads\Project\frontend\node_modules\@babel\parser\lib\index.js:14539:38)
      at parser (C:\Users\Huynh Nhu\Downloads\Project\frontend\node_modules\@babel\core\lib\parser\index.js:41:34)
      at parser.next (<anonymous>)
      at normalizeFile (C:\Users\Huynh Nhu\Downloads\Project\frontend\node_modules\@babel\core\lib\transformation\normalize-file.js:64:37)
      at normalizeFile.next (<anonymous>)
[2m5:16:15 PM[22m [31m[1m[vite][22m[39m [31mInternal server error: C:\Users\Huynh Nhu\Downloads\Project\frontend\src\pages\AdminDashboard.tsx: Unexpected token (2051:0)

[0m [90m 2049 |[31m             )}
 [90m 2050 |[31m
[31m[1m>[22m[31m[90m 2051 |[31m
 [90m      |[31m [31m[1m^[22m[31m[0m[39m
  Plugin: [35mvite:react-babel[39m
  File: [36mC:/Users/Huynh Nhu/Downloads/Project/frontend/src/pages/AdminDashboard.tsx[39m:2051:0
[33m  2049|              )}
  2050|  
  2051|  
     |  ^[39m
      at constructor (C:\Users\Huynh Nhu\Downloads\Project\frontend\node_modules\@babel\parser\lib\index.js:365:19)
      at TypeScriptParserMixin.raise (C:\Users\Huynh Nhu\Downloads\Project\frontend\node_modules\@babel\parser\lib\index.js:6616:19)
      at TypeScriptParserMixin.unexpected (C:\Users\Huynh Nhu\Downloads\Project\frontend\node_modules\@babel\parser\lib\index.js:6636:16)
      at TypeScriptParserMixin.parseExprAtom (C:\Users\Huynh Nhu\Downloads\Project\frontend\node_modules\@babel\parser\lib\index.js:11459:22)
      at TypeScriptParserMixin.parseExprAtom (C:\Users\Huynh Nhu\Downloads\Project\frontend\node_modules\@babel\parser\lib\index.js:4776:20)
      at TypeScriptParserMixin.parseExprSubscripts (C:\Users\Huynh Nhu\Downloads\Project\frontend\node_modules\@babel\parser\lib\index.js:11098:23)
      at TypeScriptParserMixin.parseUpdate (C:\Users\Huynh Nhu\Downloads\Project\frontend\node_modules\@babel\parser\lib\index.js:11083:21)
      at TypeScriptParserMixin.parseMaybeUnary (C:\Users\Huynh Nhu\Downloads\Project\frontend\node_modules\@babel\parser\lib\index.js:11063:23)
      at TypeScriptParserMixin.parseMaybeUnary (C:\Users\Huynh Nhu\Downloads\Project\frontend\node_modules\@babel\parser\lib\index.js:9854:18)
      at TypeScriptParserMixin.parseMaybeUnaryOrPrivate (C:\Users\Huynh Nhu\Downloads\Project\frontend\node_modules\@babel\parser\lib\index.js:10916:61)
      at TypeScriptParserMixin.parseExprOps (C:\Users\Huynh Nhu\Downloads\Project\frontend\node_modules\@babel\parser\lib\index.js:10921:23)
      at TypeScriptParserMixin.parseMaybeConditional (C:\Users\Huynh Nhu\Downloads\Project\frontend\node_modules\@babel\parser\lib\index.js:10898:23)
      at TypeScriptParserMixin.parseMaybeAssign (C:\Users\Huynh Nhu\Downloads\Project\frontend\node_modules\@babel\parser\lib\index.js:10848:21)
      at TypeScriptParserMixin.parseMaybeAssign (C:\Users\Huynh Nhu\Downloads\Project\frontend\node_modules\@babel\parser\lib\index.js:9803:20)
      at TypeScriptParserMixin.parseExpressionBase (C:\Users\Huynh Nhu\Downloads\Project\frontend\node_modules\@babel\parser\lib\index.js:10801:23)
      at C:\Users\Huynh Nhu\Downloads\Project\frontend\node_modules\@babel\parser\lib\index.js:10797:39
      at TypeScriptParserMixin.allowInAnd (C:\Users\Huynh Nhu\Downloads\Project\frontend\node_modules\@babel\parser\lib\index.js:12438:16)
      at TypeScriptParserMixin.parseExpression (C:\Users\Huynh Nhu\Downloads\Project\frontend\node_modules\@babel\parser\lib\index.js:10797:17)
      at TypeScriptParserMixin.parseStatementContent (C:\Users\Huynh Nhu\Downloads\Project\frontend\node_modules\@babel\parser\lib\index.js:12912:23)
      at TypeScriptParserMixin.parseStatementContent (C:\Users\Huynh Nhu\Downloads\Project\frontend\node_modules\@babel\parser\lib\index.js:9525:18)
      at TypeScriptParserMixin.parseStatementLike (C:\Users\Huynh Nhu\Downloads\Project\frontend\node_modules\@babel\parser\lib\index.js:12784:17)
      at TypeScriptParserMixin.parseStatementListItem (C:\Users\Huynh Nhu\Downloads\Project\frontend\node_modules\@babel\parser\lib\index.js:12764:17)
      at TypeScriptParserMixin.parseBlockOrModuleBlockBody (C:\Users\Huynh Nhu\Downloads\Project\frontend\node_modules\@babel\parser\lib\index.js:13333:61)
      at TypeScriptParserMixin.parseBlockBody (C:\Users\Huynh Nhu\Downloads\Project\frontend\node_modules\@babel\parser\lib\index.js:13326:10)
      at TypeScriptParserMixin.parseBlock (C:\Users\Huynh Nhu\Downloads\Project\frontend\node_modules\@babel\parser\lib\index.js:13314:10)
      at TypeScriptParserMixin.parseFunctionBody (C:\Users\Huynh Nhu\Downloads\Project\frontend\node_modules\@babel\parser\lib\index.js:12117:24)
      at TypeScriptParserMixin.parseFunctionBodyAndFinish (C:\Users\Huynh Nhu\Downloads\Project\frontend\node_modules\@babel\parser\lib\index.js:12103:10)
      at TypeScriptParserMixin.parseFunctionBodyAndFinish (C:\Users\Huynh Nhu\Downloads\Project\frontend\node_modules\@babel\parser\lib\index.js:9189:18)
      at C:\Users\Huynh Nhu\Downloads\Project\frontend\node_modules\@babel\parser\lib\index.js:13462:12
      at TypeScriptParserMixin.withSmartMixTopicForbiddingContext (C:\Users\Huynh Nhu\Downloads\Project\frontend\node_modules\@babel\parser\lib\index.js:12420:14)
      at TypeScriptParserMixin.parseFunction (C:\Users\Huynh Nhu\Downloads\Project\frontend\node_modules\@babel\parser\lib\index.js:13461:10)
      at TypeScriptParserMixin.parseExportDefaultExpression (C:\Users\Huynh Nhu\Downloads\Project\frontend\node_modules\@babel\parser\lib\index.js:13924:19)
      at TypeScriptParserMixin.parseExportDefaultExpression (C:\Users\Huynh Nhu\Downloads\Project\frontend\node_modules\@babel\parser\lib\index.js:9419:18)
      at TypeScriptParserMixin.parseExport (C:\Users\Huynh Nhu\Downloads\Project\frontend\node_modules\@babel\parser\lib\index.js:13845:25)
      at TypeScriptParserMixin.parseExport (C:\Users\Huynh Nhu\Downloads\Project\frontend\node_modules\@babel\parser\lib\index.js:9402:20)
      at TypeScriptParserMixin.parseStatementContent (C:\Users\Huynh Nhu\Downloads\Project\frontend\node_modules\@babel\parser\lib\index.js:12895:27)
      at TypeScriptParserMixin.parseStatementContent (C:\Users\Huynh Nhu\Downloads\Project\frontend\node_modules\@babel\parser\lib\index.js:9525:18)
      at TypeScriptParserMixin.parseStatementLike (C:\Users\Huynh Nhu\Downloads\Project\frontend\node_modules\@babel\parser\lib\index.js:12784:17)
      at TypeScriptParserMixin.parseModuleItem (C:\Users\Huynh Nhu\Downloads\Project\frontend\node_modules\@babel\parser\lib\index.js:12761:17)
      at TypeScriptParserMixin.parseBlockOrModuleBlockBody (C:\Users\Huynh Nhu\Downloads\Project\frontend\node_modules\@babel\parser\lib\index.js:13333:36)
      at TypeScriptParserMixin.parseBlockBody (C:\Users\Huynh Nhu\Downloads\Project\frontend\node_modules\@babel\parser\lib\index.js:13326:10)
      at TypeScriptParserMixin.parseProgram (C:\Users\Huynh Nhu\Downloads\Project\frontend\node_modules\@babel\parser\lib\index.js:12639:10)
      at TypeScriptParserMixin.parseTopLevel (C:\Users\Huynh Nhu\Downloads\Project\frontend\node_modules\@babel\parser\lib\index.js:12629:25)
      at TypeScriptParserMixin.parse (C:\Users\Huynh Nhu\Downloads\Project\frontend\node_modules\@babel\parser\lib\index.js:14505:25)
      at TypeScriptParserMixin.parse (C:\Users\Huynh Nhu\Downloads\Project\frontend\node_modules\@babel\parser\lib\index.js:10143:18)
      at parse (C:\Users\Huynh Nhu\Downloads\Project\frontend\node_modules\@babel\parser\lib\index.js:14539:38)
      at parser (C:\Users\Huynh Nhu\Downloads\Project\frontend\node_modules\@babel\core\lib\parser\index.js:41:34)
      at parser.next (<anonymous>)
      at normalizeFile (C:\Users\Huynh Nhu\Downloads\Project\frontend\node_modules\@babel\core\lib\transformation\normalize-file.js:64:37)
      at normalizeFile.next (<anonymous>)
[2m5:17:21 PM[22m [31m[1m[vite][22m[39m [31mInternal server error: C:\Users\Huynh Nhu\Downloads\Project\frontend\src\pages\AdminDashboard.tsx: Unexpected token (2051:0)

[0m [90m 2049 |[31m             )}
 [90m 2050 |[31m
[31m[1m>[22m[31m[90m 2051 |[31m
 [90m      |[31m [31m[1m^[22m[31m[0m[39m
  Plugin: [35mvite:react-babel[39m
  File: [36mC:/Users/Huynh Nhu/Downloads/Project/frontend/src/pages/AdminDashboard.tsx[39m:2051:0
[33m  2049|              )}
  2050|  
  2051|  
     |  ^[39m
      at constructor (C:\Users\Huynh Nhu\Downloads\Project\frontend\node_modules\@babel\parser\lib\index.js:365:19)
      at TypeScriptParserMixin.raise (C:\Users\Huynh Nhu\Downloads\Project\frontend\node_modules\@babel\parser\lib\index.js:6616:19)
      at TypeScriptParserMixin.unexpected (C:\Users\Huynh Nhu\Downloads\Project\frontend\node_modules\@babel\parser\lib\index.js:6636:16)
      at TypeScriptParserMixin.parseExprAtom (C:\Users\Huynh Nhu\Downloads\Project\frontend\node_modules\@babel\parser\lib\index.js:11459:22)
      at TypeScriptParserMixin.parseExprAtom (C:\Users\Huynh Nhu\Downloads\Project\frontend\node_modules\@babel\parser\lib\index.js:4776:20)
      at TypeScriptParserMixin.parseExprSubscripts (C:\Users\Huynh Nhu\Downloads\Project\frontend\node_modules\@babel\parser\lib\index.js:11098:23)
      at TypeScriptParserMixin.parseUpdate (C:\Users\Huynh Nhu\Downloads\Project\frontend\node_modules\@babel\parser\lib\index.js:11083:21)
      at TypeScriptParserMixin.parseMaybeUnary (C:\Users\Huynh Nhu\Downloads\Project\frontend\node_modules\@babel\parser\lib\index.js:11063:23)
      at TypeScriptParserMixin.parseMaybeUnary (C:\Users\Huynh Nhu\Downloads\Project\frontend\node_modules\@babel\parser\lib\index.js:9854:18)
      at TypeScriptParserMixin.parseMaybeUnaryOrPrivate (C:\Users\Huynh Nhu\Downloads\Project\frontend\node_modules\@babel\parser\lib\index.js:10916:61)
      at TypeScriptParserMixin.parseExprOps (C:\Users\Huynh Nhu\Downloads\Project\frontend\node_modules\@babel\parser\lib\index.js:10921:23)
      at TypeScriptParserMixin.parseMaybeConditional (C:\Users\Huynh Nhu\Downloads\Project\frontend\node_modules\@babel\parser\lib\index.js:10898:23)
      at TypeScriptParserMixin.parseMaybeAssign (C:\Users\Huynh Nhu\Downloads\Project\frontend\node_modules\@babel\parser\lib\index.js:10848:21)
      at TypeScriptParserMixin.parseMaybeAssign (C:\Users\Huynh Nhu\Downloads\Project\frontend\node_modules\@babel\parser\lib\index.js:9803:20)
      at TypeScriptParserMixin.parseExpressionBase (C:\Users\Huynh Nhu\Downloads\Project\frontend\node_modules\@babel\parser\lib\index.js:10801:23)
      at C:\Users\Huynh Nhu\Downloads\Project\frontend\node_modules\@babel\parser\lib\index.js:10797:39
      at TypeScriptParserMixin.allowInAnd (C:\Users\Huynh Nhu\Downloads\Project\frontend\node_modules\@babel\parser\lib\index.js:12438:16)
      at TypeScriptParserMixin.parseExpression (C:\Users\Huynh Nhu\Downloads\Project\frontend\node_modules\@babel\parser\lib\index.js:10797:17)
      at TypeScriptParserMixin.parseStatementContent (C:\Users\Huynh Nhu\Downloads\Project\frontend\node_modules\@babel\parser\lib\index.js:12912:23)
      at TypeScriptParserMixin.parseStatementContent (C:\Users\Huynh Nhu\Downloads\Project\frontend\node_modules\@babel\parser\lib\index.js:9525:18)
      at TypeScriptParserMixin.parseStatementLike (C:\Users\Huynh Nhu\Downloads\Project\frontend\node_modules\@babel\parser\lib\index.js:12784:17)
      at TypeScriptParserMixin.parseStatementListItem (C:\Users\Huynh Nhu\Downloads\Project\frontend\node_modules\@babel\parser\lib\index.js:12764:17)
      at TypeScriptParserMixin.parseBlockOrModuleBlockBody (C:\Users\Huynh Nhu\Downloads\Project\frontend\node_modules\@babel\parser\lib\index.js:13333:61)
      at TypeScriptParserMixin.parseBlockBody (C:\Users\Huynh Nhu\Downloads\Project\frontend\node_modules\@babel\parser\lib\index.js:13326:10)
      at TypeScriptParserMixin.parseBlock (C:\Users\Huynh Nhu\Downloads\Project\frontend\node_modules\@babel\parser\lib\index.js:13314:10)
      at TypeScriptParserMixin.parseFunctionBody (C:\Users\Huynh Nhu\Downloads\Project\frontend\node_modules\@babel\parser\lib\index.js:12117:24)
      at TypeScriptParserMixin.parseFunctionBodyAndFinish (C:\Users\Huynh Nhu\Downloads\Project\frontend\node_modules\@babel\parser\lib\index.js:12103:10)
      at TypeScriptParserMixin.parseFunctionBodyAndFinish (C:\Users\Huynh Nhu\Downloads\Project\frontend\node_modules\@babel\parser\lib\index.js:9189:18)
      at C:\Users\Huynh Nhu\Downloads\Project\frontend\node_modules\@babel\parser\lib\index.js:13462:12
      at TypeScriptParserMixin.withSmartMixTopicForbiddingContext (C:\Users\Huynh Nhu\Downloads\Project\frontend\node_modules\@babel\parser\lib\index.js:12420:14)
      at TypeScriptParserMixin.parseFunction (C:\Users\Huynh Nhu\Downloads\Project\frontend\node_modules\@babel\parser\lib\index.js:13461:10)
      at TypeScriptParserMixin.parseExportDefaultExpression (C:\Users\Huynh Nhu\Downloads\Project\frontend\node_modules\@babel\parser\lib\index.js:13924:19)
      at TypeScriptParserMixin.parseExportDefaultExpression (C:\Users\Huynh Nhu\Downloads\Project\frontend\node_modules\@babel\parser\lib\index.js:9419:18)
      at TypeScriptParserMixin.parseExport (C:\Users\Huynh Nhu\Downloads\Project\frontend\node_modules\@babel\parser\lib\index.js:13845:25)
      at TypeScriptParserMixin.parseExport (C:\Users\Huynh Nhu\Downloads\Project\frontend\node_modules\@babel\parser\lib\index.js:9402:20)
      at TypeScriptParserMixin.parseStatementContent (C:\Users\Huynh Nhu\Downloads\Project\frontend\node_modules\@babel\parser\lib\index.js:12895:27)
      at TypeScriptParserMixin.parseStatementContent (C:\Users\Huynh Nhu\Downloads\Project\frontend\node_modules\@babel\parser\lib\index.js:9525:18)
      at TypeScriptParserMixin.parseStatementLike (C:\Users\Huynh Nhu\Downloads\Project\frontend\node_modules\@babel\parser\lib\index.js:12784:17)
      at TypeScriptParserMixin.parseModuleItem (C:\Users\Huynh Nhu\Downloads\Project\frontend\node_modules\@babel\parser\lib\index.js:12761:17)
      at TypeScriptParserMixin.parseBlockOrModuleBlockBody (C:\Users\Huynh Nhu\Downloads\Project\frontend\node_modules\@babel\parser\lib\index.js:13333:36)
      at TypeScriptParserMixin.parseBlockBody (C:\Users\Huynh Nhu\Downloads\Project\frontend\node_modules\@babel\parser\lib\index.js:13326:10)
      at TypeScriptParserMixin.parseProgram (C:\Users\Huynh Nhu\Downloads\Project\frontend\node_modules\@babel\parser\lib\index.js:12639:10)
      at TypeScriptParserMixin.parseTopLevel (C:\Users\Huynh Nhu\Downloads\Project\frontend\node_modules\@babel\parser\lib\index.js:12629:25)
      at TypeScriptParserMixin.parse (C:\Users\Huynh Nhu\Downloads\Project\frontend\node_modules\@babel\parser\lib\index.js:14505:25)
      at TypeScriptParserMixin.parse (C:\Users\Huynh Nhu\Downloads\Project\frontend\node_modules\@babel\parser\lib\index.js:10143:18)
      at parse (C:\Users\Huynh Nhu\Downloads\Project\frontend\node_modules\@babel\parser\lib\index.js:14539:38)
      at parser (C:\Users\Huynh Nhu\Downloads\Project\frontend\node_modules\@babel\core\lib\parser\index.js:41:34)
      at parser.next (<anonymous>)
      at normalizeFile (C:\Users\Huynh Nhu\Downloads\Project\frontend\node_modules\@babel\core\lib\transformation\normalize-file.js:64:37)
      at normalizeFile.next (<anonymous>)
[2m5:17:24 PM[22m [31m[1m[vite][22m[39m [31mInternal server error: C:\Users\Huynh Nhu\Downloads\Project\frontend\src\pages\AdminDashboard.tsx: Unexpected token (2051:0)

[0m [90m 2049 |[31m             )}
 [90m 2050 |[31m
[31m[1m>[22m[31m[90m 2051 |[31m
 [90m      |[31m [31m[1m^[22m[31m[0m[39m
  Plugin: [35mvite:react-babel[39m
  File: [36mC:/Users/Huynh Nhu/Downloads/Project/frontend/src/pages/AdminDashboard.tsx[39m:2051:0
[33m  2049|              )}
  2050|  
  2051|  
     |  ^[39m
      at constructor (C:\Users\Huynh Nhu\Downloads\Project\frontend\node_modules\@babel\parser\lib\index.js:365:19)
      at TypeScriptParserMixin.raise (C:\Users\Huynh Nhu\Downloads\Project\frontend\node_modules\@babel\parser\lib\index.js:6616:19)
      at TypeScriptParserMixin.unexpected (C:\Users\Huynh Nhu\Downloads\Project\frontend\node_modules\@babel\parser\lib\index.js:6636:16)
      at TypeScriptParserMixin.parseExprAtom (C:\Users\Huynh Nhu\Downloads\Project\frontend\node_modules\@babel\parser\lib\index.js:11459:22)
      at TypeScriptParserMixin.parseExprAtom (C:\Users\Huynh Nhu\Downloads\Project\frontend\node_modules\@babel\parser\lib\index.js:4776:20)
      at TypeScriptParserMixin.parseExprSubscripts (C:\Users\Huynh Nhu\Downloads\Project\frontend\node_modules\@babel\parser\lib\index.js:11098:23)
      at TypeScriptParserMixin.parseUpdate (C:\Users\Huynh Nhu\Downloads\Project\frontend\node_modules\@babel\parser\lib\index.js:11083:21)
      at TypeScriptParserMixin.parseMaybeUnary (C:\Users\Huynh Nhu\Downloads\Project\frontend\node_modules\@babel\parser\lib\index.js:11063:23)
      at TypeScriptParserMixin.parseMaybeUnary (C:\Users\Huynh Nhu\Downloads\Project\frontend\node_modules\@babel\parser\lib\index.js:9854:18)
      at TypeScriptParserMixin.parseMaybeUnaryOrPrivate (C:\Users\Huynh Nhu\Downloads\Project\frontend\node_modules\@babel\parser\lib\index.js:10916:61)
      at TypeScriptParserMixin.parseExprOps (C:\Users\Huynh Nhu\Downloads\Project\frontend\node_modules\@babel\parser\lib\index.js:10921:23)
      at TypeScriptParserMixin.parseMaybeConditional (C:\Users\Huynh Nhu\Downloads\Project\frontend\node_modules\@babel\parser\lib\index.js:10898:23)
      at TypeScriptParserMixin.parseMaybeAssign (C:\Users\Huynh Nhu\Downloads\Project\frontend\node_modules\@babel\parser\lib\index.js:10848:21)
      at TypeScriptParserMixin.parseMaybeAssign (C:\Users\Huynh Nhu\Downloads\Project\frontend\node_modules\@babel\parser\lib\index.js:9803:20)
      at TypeScriptParserMixin.parseExpressionBase (C:\Users\Huynh Nhu\Downloads\Project\frontend\node_modules\@babel\parser\lib\index.js:10801:23)
      at C:\Users\Huynh Nhu\Downloads\Project\frontend\node_modules\@babel\parser\lib\index.js:10797:39
      at TypeScriptParserMixin.allowInAnd (C:\Users\Huynh Nhu\Downloads\Project\frontend\node_modules\@babel\parser\lib\index.js:12438:16)
      at TypeScriptParserMixin.parseExpression (C:\Users\Huynh Nhu\Downloads\Project\frontend\node_modules\@babel\parser\lib\index.js:10797:17)
      at TypeScriptParserMixin.parseStatementContent (C:\Users\Huynh Nhu\Downloads\Project\frontend\node_modules\@babel\parser\lib\index.js:12912:23)
      at TypeScriptParserMixin.parseStatementContent (C:\Users\Huynh Nhu\Downloads\Project\frontend\node_modules\@babel\parser\lib\index.js:9525:18)
      at TypeScriptParserMixin.parseStatementLike (C:\Users\Huynh Nhu\Downloads\Project\frontend\node_modules\@babel\parser\lib\index.js:12784:17)
      at TypeScriptParserMixin.parseStatementListItem (C:\Users\Huynh Nhu\Downloads\Project\frontend\node_modules\@babel\parser\lib\index.js:12764:17)
      at TypeScriptParserMixin.parseBlockOrModuleBlockBody (C:\Users\Huynh Nhu\Downloads\Project\frontend\node_modules\@babel\parser\lib\index.js:13333:61)
      at TypeScriptParserMixin.parseBlockBody (C:\Users\Huynh Nhu\Downloads\Project\frontend\node_modules\@babel\parser\lib\index.js:13326:10)
      at TypeScriptParserMixin.parseBlock (C:\Users\Huynh Nhu\Downloads\Project\frontend\node_modules\@babel\parser\lib\index.js:13314:10)
      at TypeScriptParserMixin.parseFunctionBody (C:\Users\Huynh Nhu\Downloads\Project\frontend\node_modules\@babel\parser\lib\index.js:12117:24)
      at TypeScriptParserMixin.parseFunctionBodyAndFinish (C:\Users\Huynh Nhu\Downloads\Project\frontend\node_modules\@babel\parser\lib\index.js:12103:10)
      at TypeScriptParserMixin.parseFunctionBodyAndFinish (C:\Users\Huynh Nhu\Downloads\Project\frontend\node_modules\@babel\parser\lib\index.js:9189:18)
      at C:\Users\Huynh Nhu\Downloads\Project\frontend\node_modules\@babel\parser\lib\index.js:13462:12
      at TypeScriptParserMixin.withSmartMixTopicForbiddingContext (C:\Users\Huynh Nhu\Downloads\Project\frontend\node_modules\@babel\parser\lib\index.js:12420:14)
      at TypeScriptParserMixin.parseFunction (C:\Users\Huynh Nhu\Downloads\Project\frontend\node_modules\@babel\parser\lib\index.js:13461:10)
      at TypeScriptParserMixin.parseExportDefaultExpression (C:\Users\Huynh Nhu\Downloads\Project\frontend\node_modules\@babel\parser\lib\index.js:13924:19)
      at TypeScriptParserMixin.parseExportDefaultExpression (C:\Users\Huynh Nhu\Downloads\Project\frontend\node_modules\@babel\parser\lib\index.js:9419:18)
      at TypeScriptParserMixin.parseExport (C:\Users\Huynh Nhu\Downloads\Project\frontend\node_modules\@babel\parser\lib\index.js:13845:25)
      at TypeScriptParserMixin.parseExport (C:\Users\Huynh Nhu\Downloads\Project\frontend\node_modules\@babel\parser\lib\index.js:9402:20)
      at TypeScriptParserMixin.parseStatementContent (C:\Users\Huynh Nhu\Downloads\Project\frontend\node_modules\@babel\parser\lib\index.js:12895:27)
      at TypeScriptParserMixin.parseStatementContent (C:\Users\Huynh Nhu\Downloads\Project\frontend\node_modules\@babel\parser\lib\index.js:9525:18)
      at TypeScriptParserMixin.parseStatementLike (C:\Users\Huynh Nhu\Downloads\Project\frontend\node_modules\@babel\parser\lib\index.js:12784:17)
      at TypeScriptParserMixin.parseModuleItem (C:\Users\Huynh Nhu\Downloads\Project\frontend\node_modules\@babel\parser\lib\index.js:12761:17)
      at TypeScriptParserMixin.parseBlockOrModuleBlockBody (C:\Users\Huynh Nhu\Downloads\Project\frontend\node_modules\@babel\parser\lib\index.js:13333:36)
      at TypeScriptParserMixin.parseBlockBody (C:\Users\Huynh Nhu\Downloads\Project\frontend\node_modules\@babel\parser\lib\index.js:13326:10)
      at TypeScriptParserMixin.parseProgram (C:\Users\Huynh Nhu\Downloads\Project\frontend\node_modules\@babel\parser\lib\index.js:12639:10)
      at TypeScriptParserMixin.parseTopLevel (C:\Users\Huynh Nhu\Downloads\Project\frontend\node_modules\@babel\parser\lib\index.js:12629:25)
      at TypeScriptParserMixin.parse (C:\Users\Huynh Nhu\Downloads\Project\frontend\node_modules\@babel\parser\lib\index.js:14505:25)
      at TypeScriptParserMixin.parse (C:\Users\Huynh Nhu\Downloads\Project\frontend\node_modules\@babel\parser\lib\index.js:10143:18)
      at parse (C:\Users\Huynh Nhu\Downloads\Project\frontend\node_modules\@babel\parser\lib\index.js:14539:38)
      at parser (C:\Users\Huynh Nhu\Downloads\Project\frontend\node_modules\@babel\core\lib\parser\index.js:41:34)
      at parser.next (<anonymous>)
      at normalizeFile (C:\Users\Huynh Nhu\Downloads\Project\frontend\node_modules\@babel\core\lib\transformation\normalize-file.js:64:37)
      at normalizeFile.next (<anonymous>)
[2m5:48:41 PM[22m [31m[1m[vite][22m[39m [31mInternal server error: C:\Users\Huynh Nhu\Downloads\Project\frontend\src\pages\AdminDashboard.tsx: Identifier 'groupedTabs' has already been declared. (2073:8)

[0m [90m 2071 |[31m     [36mreturn[31m groups[33m;[31m
 [90m 2072 |[31m   }[33m,[31m {})[33m;[31m
[31m[1m>[22m[31m[90m 2073 |[31m   [36mconst[31m groupedTabs [33m=[31m availableTabs[33m.[31mreduce[33m<[31m[33mRecord[31m[33m<[31m[33mstring[31m[33m,[31m [36mtypeof[31m availableTabs[33m>>[31m((groups[33m,[31m item) [33m=>[31m {
 [90m      |[31m         [31m[1m^[22m[31m
 [90m 2074 |[31m     groups[item[33m.[31mgroup] [33m=[31m [[33m...[31m(groups[item[33m.[31mgroup] [33m||[31m [])[33m,[31m item][33m;[31m
 [90m 2075 |[31m     [36mreturn[31m groups[33m;[31m
 [90m 2076 |[31m   }[33m,[31m {})[33m;[31m[0m[39m
  Plugin: [35mvite:react-babel[39m
  File: [36mC:/Users/Huynh Nhu/Downloads/Project/frontend/src/pages/AdminDashboard.tsx[39m:2073:8
[33m  2071|      return groups;
  2072|    }, {});
  2073|    const groupedTabs = availableTabs.reduce<Record<string, typeof availableTabs>>((groups, item) => {
     |          ^
  2074|      groups[item.group] = [...(groups[item.group] || []), item];
  2075|      return groups;[39m
      at constructor (C:\Users\Huynh Nhu\Downloads\Project\frontend\node_modules\@babel\parser\lib\index.js:365:19)
      at TypeScriptParserMixin.raise (C:\Users\Huynh Nhu\Downloads\Project\frontend\node_modules\@babel\parser\lib\index.js:6616:19)
      at TypeScriptScopeHandler.checkRedeclarationInScope (C:\Users\Huynh Nhu\Downloads\Project\frontend\node_modules\@babel\parser\lib\index.js:1619:19)
      at TypeScriptScopeHandler.declareName (C:\Users\Huynh Nhu\Downloads\Project\frontend\node_modules\@babel\parser\lib\index.js:1585:12)
      at TypeScriptScopeHandler.declareName (C:\Users\Huynh Nhu\Downloads\Project\frontend\node_modules\@babel\parser\lib\index.js:4892:11)
      at TypeScriptParserMixin.declareNameFromIdentifier (C:\Users\Huynh Nhu\Downloads\Project\frontend\node_modules\@babel\parser\lib\index.js:7584:16)
      at TypeScriptParserMixin.checkIdentifier (C:\Users\Huynh Nhu\Downloads\Project\frontend\node_modules\@babel\parser\lib\index.js:7580:12)
      at TypeScriptParserMixin.checkLVal (C:\Users\Huynh Nhu\Downloads\Project\frontend\node_modules\@babel\parser\lib\index.js:7517:12)
      at TypeScriptParserMixin.parseVarId (C:\Users\Huynh Nhu\Downloads\Project\frontend\node_modules\@babel\parser\lib\index.js:13429:10)
      at TypeScriptParserMixin.parseVarId (C:\Users\Huynh Nhu\Downloads\Project\frontend\node_modules\@babel\parser\lib\index.js:9769:11)
      at TypeScriptParserMixin.parseVar (C:\Users\Huynh Nhu\Downloads\Project\frontend\node_modules\@babel\parser\lib\index.js:13400:12)
      at TypeScriptParserMixin.parseVarStatement (C:\Users\Huynh Nhu\Downloads\Project\frontend\node_modules\@babel\parser\lib\index.js:13247:10)
      at TypeScriptParserMixin.parseVarStatement (C:\Users\Huynh Nhu\Downloads\Project\frontend\node_modules\@babel\parser\lib\index.js:9425:31)
      at TypeScriptParserMixin.parseStatementContent (C:\Users\Huynh Nhu\Downloads\Project\frontend\node_modules\@babel\parser\lib\index.js:12868:23)
      at TypeScriptParserMixin.parseStatementContent (C:\Users\Huynh Nhu\Downloads\Project\frontend\node_modules\@babel\parser\lib\index.js:9525:18)
      at TypeScriptParserMixin.parseStatementLike (C:\Users\Huynh Nhu\Downloads\Project\frontend\node_modules\@babel\parser\lib\index.js:12784:17)
      at TypeScriptParserMixin.parseStatementListItem (C:\Users\Huynh Nhu\Downloads\Project\frontend\node_modules\@babel\parser\lib\index.js:12764:17)
      at TypeScriptParserMixin.parseBlockOrModuleBlockBody (C:\Users\Huynh Nhu\Downloads\Project\frontend\node_modules\@babel\parser\lib\index.js:13333:61)
      at TypeScriptParserMixin.parseBlockBody (C:\Users\Huynh Nhu\Downloads\Project\frontend\node_modules\@babel\parser\lib\index.js:13326:10)
      at TypeScriptParserMixin.parseBlock (C:\Users\Huynh Nhu\Downloads\Project\frontend\node_modules\@babel\parser\lib\index.js:13314:10)
      at TypeScriptParserMixin.parseFunctionBody (C:\Users\Huynh Nhu\Downloads\Project\frontend\node_modules\@babel\parser\lib\index.js:12117:24)
      at TypeScriptParserMixin.parseFunctionBodyAndFinish (C:\Users\Huynh Nhu\Downloads\Project\frontend\node_modules\@babel\parser\lib\index.js:12103:10)
      at TypeScriptParserMixin.parseFunctionBodyAndFinish (C:\Users\Huynh Nhu\Downloads\Project\frontend\node_modules\@babel\parser\lib\index.js:9189:18)
      at C:\Users\Huynh Nhu\Downloads\Project\frontend\node_modules\@babel\parser\lib\index.js:13462:12
      at TypeScriptParserMixin.withSmartMixTopicForbiddingContext (C:\Users\Huynh Nhu\Downloads\Project\frontend\node_modules\@babel\parser\lib\index.js:12420:14)
      at TypeScriptParserMixin.parseFunction (C:\Users\Huynh Nhu\Downloads\Project\frontend\node_modules\@babel\parser\lib\index.js:13461:10)
      at TypeScriptParserMixin.parseExportDefaultExpression (C:\Users\Huynh Nhu\Downloads\Project\frontend\node_modules\@babel\parser\lib\index.js:13924:19)
      at TypeScriptParserMixin.parseExportDefaultExpression (C:\Users\Huynh Nhu\Downloads\Project\frontend\node_modules\@babel\parser\lib\index.js:9419:18)
      at TypeScriptParserMixin.parseExport (C:\Users\Huynh Nhu\Downloads\Project\frontend\node_modules\@babel\parser\lib\index.js:13845:25)
      at TypeScriptParserMixin.parseExport (C:\Users\Huynh Nhu\Downloads\Project\frontend\node_modules\@babel\parser\lib\index.js:9402:20)
      at TypeScriptParserMixin.parseStatementContent (C:\Users\Huynh Nhu\Downloads\Project\frontend\node_modules\@babel\parser\lib\index.js:12895:27)
      at TypeScriptParserMixin.parseStatementContent (C:\Users\Huynh Nhu\Downloads\Project\frontend\node_modules\@babel\parser\lib\index.js:9525:18)
      at TypeScriptParserMixin.parseStatementLike (C:\Users\Huynh Nhu\Downloads\Project\frontend\node_modules\@babel\parser\lib\index.js:12784:17)
      at TypeScriptParserMixin.parseModuleItem (C:\Users\Huynh Nhu\Downloads\Project\frontend\node_modules\@babel\parser\lib\index.js:12761:17)
      at TypeScriptParserMixin.parseBlockOrModuleBlockBody (C:\Users\Huynh Nhu\Downloads\Project\frontend\node_modules\@babel\parser\lib\index.js:13333:36)
      at TypeScriptParserMixin.parseBlockBody (C:\Users\Huynh Nhu\Downloads\Project\frontend\node_modules\@babel\parser\lib\index.js:13326:10)
      at TypeScriptParserMixin.parseProgram (C:\Users\Huynh Nhu\Downloads\Project\frontend\node_modules\@babel\parser\lib\index.js:12639:10)
      at TypeScriptParserMixin.parseTopLevel (C:\Users\Huynh Nhu\Downloads\Project\frontend\node_modules\@babel\parser\lib\index.js:12629:25)
      at TypeScriptParserMixin.parse (C:\Users\Huynh Nhu\Downloads\Project\frontend\node_modules\@babel\parser\lib\index.js:14505:25)
      at TypeScriptParserMixin.parse (C:\Users\Huynh Nhu\Downloads\Project\frontend\node_modules\@babel\parser\lib\index.js:10143:18)
      at parse (C:\Users\Huynh Nhu\Downloads\Project\frontend\node_modules\@babel\parser\lib\index.js:14539:38)
      at parser (C:\Users\Huynh Nhu\Downloads\Project\frontend\node_modules\@babel\core\lib\parser\index.js:41:34)
      at parser.next (<anonymous>)
      at normalizeFile (C:\Users\Huynh Nhu\Downloads\Project\frontend\node_modules\@babel\core\lib\transformation\normalize-file.js:64:37)
      at normalizeFile.next (<anonymous>)
      at run (C:\Users\Huynh Nhu\Downloads\Project\frontend\node_modules\@babel\core\lib\transformation\index.js:22:50)
      at run.next (<anonymous>)
      at transform (C:\Users\Huynh Nhu\Downloads\Project\frontend\node_modules\@babel\core\lib\transform.js:22:33)
      at transform.next (<anonymous>)
      at step (C:\Users\Huynh Nhu\Downloads\Project\frontend\node_modules\gensync\index.js:261:32)
[2m5:48:41 PM[22m [31m[1m[vite][22m[39m [31mInternal server error: C:\Users\Huynh Nhu\Downloads\Project\frontend\src\pages\AdminDashboard.tsx: Identifier 'groupedTabs' has already been declared. (2073:8)

[0m [90m 2071 |[31m     [36mreturn[31m groups[33m;[31m
 [90m 2072 |[31m   }[33m,[31m {})[33m;[31m
[31m[1m>[22m[31m[90m 2073 |[31m   [36mconst[31m groupedTabs [33m=[31m availableTabs[33m.[31mreduce[33m<[31m[33mRecord[31m[33m<[31m[33mstring[31m[33m,[31m [36mtypeof[31m availableTabs[33m>>[31m((groups[33m,[31m item) [33m=>[31m {
 [90m      |[31m         [31m[1m^[22m[31m
 [90m 2074 |[31m     groups[item[33m.[31mgroup] [33m=[31m [[33m...[31m(groups[item[33m.[31mgroup] [33m||[31m [])[33m,[31m item][33m;[31m
 [90m 2075 |[31m     [36mreturn[31m groups[33m;[31m
 [90m 2076 |[31m   }[33m,[31m {})[33m;[31m[0m[39m
  Plugin: [35mvite:react-babel[39m
  File: [36mC:/Users/Huynh Nhu/Downloads/Project/frontend/src/pages/AdminDashboard.tsx[39m:2073:8
[33m  2071|      return groups;
  2072|    }, {});
  2073|    const groupedTabs = availableTabs.reduce<Record<string, typeof availableTabs>>((groups, item) => {
     |          ^
  2074|      groups[item.group] = [...(groups[item.group] || []), item];
  2075|      return groups;[39m
      at constructor (C:\Users\Huynh Nhu\Downloads\Project\frontend\node_modules\@babel\parser\lib\index.js:365:19)
      at TypeScriptParserMixin.raise (C:\Users\Huynh Nhu\Downloads\Project\frontend\node_modules\@babel\parser\lib\index.js:6616:19)
      at TypeScriptScopeHandler.checkRedeclarationInScope (C:\Users\Huynh Nhu\Downloads\Project\frontend\node_modules\@babel\parser\lib\index.js:1619:19)
      at TypeScriptScopeHandler.declareName (C:\Users\Huynh Nhu\Downloads\Project\frontend\node_modules\@babel\parser\lib\index.js:1585:12)
      at TypeScriptScopeHandler.declareName (C:\Users\Huynh Nhu\Downloads\Project\frontend\node_modules\@babel\parser\lib\index.js:4892:11)
      at TypeScriptParserMixin.declareNameFromIdentifier (C:\Users\Huynh Nhu\Downloads\Project\frontend\node_modules\@babel\parser\lib\index.js:7584:16)
      at TypeScriptParserMixin.checkIdentifier (C:\Users\Huynh Nhu\Downloads\Project\frontend\node_modules\@babel\parser\lib\index.js:7580:12)
      at TypeScriptParserMixin.checkLVal (C:\Users\Huynh Nhu\Downloads\Project\frontend\node_modules\@babel\parser\lib\index.js:7517:12)
      at TypeScriptParserMixin.parseVarId (C:\Users\Huynh Nhu\Downloads\Project\frontend\node_modules\@babel\parser\lib\index.js:13429:10)
      at TypeScriptParserMixin.parseVarId (C:\Users\Huynh Nhu\Downloads\Project\frontend\node_modules\@babel\parser\lib\index.js:9769:11)
      at TypeScriptParserMixin.parseVar (C:\Users\Huynh Nhu\Downloads\Project\frontend\node_modules\@babel\parser\lib\index.js:13400:12)
      at TypeScriptParserMixin.parseVarStatement (C:\Users\Huynh Nhu\Downloads\Project\frontend\node_modules\@babel\parser\lib\index.js:13247:10)
      at TypeScriptParserMixin.parseVarStatement (C:\Users\Huynh Nhu\Downloads\Project\frontend\node_modules\@babel\parser\lib\index.js:9425:31)
      at TypeScriptParserMixin.parseStatementContent (C:\Users\Huynh Nhu\Downloads\Project\frontend\node_modules\@babel\parser\lib\index.js:12868:23)
      at TypeScriptParserMixin.parseStatementContent (C:\Users\Huynh Nhu\Downloads\Project\frontend\node_modules\@babel\parser\lib\index.js:9525:18)
      at TypeScriptParserMixin.parseStatementLike (C:\Users\Huynh Nhu\Downloads\Project\frontend\node_modules\@babel\parser\lib\index.js:12784:17)
      at TypeScriptParserMixin.parseStatementListItem (C:\Users\Huynh Nhu\Downloads\Project\frontend\node_modules\@babel\parser\lib\index.js:12764:17)
      at TypeScriptParserMixin.parseBlockOrModuleBlockBody (C:\Users\Huynh Nhu\Downloads\Project\frontend\node_modules\@babel\parser\lib\index.js:13333:61)
      at TypeScriptParserMixin.parseBlockBody (C:\Users\Huynh Nhu\Downloads\Project\frontend\node_modules\@babel\parser\lib\index.js:13326:10)
      at TypeScriptParserMixin.parseBlock (C:\Users\Huynh Nhu\Downloads\Project\frontend\node_modules\@babel\parser\lib\index.js:13314:10)
      at TypeScriptParserMixin.parseFunctionBody (C:\Users\Huynh Nhu\Downloads\Project\frontend\node_modules\@babel\parser\lib\index.js:12117:24)
      at TypeScriptParserMixin.parseFunctionBodyAndFinish (C:\Users\Huynh Nhu\Downloads\Project\frontend\node_modules\@babel\parser\lib\index.js:12103:10)
      at TypeScriptParserMixin.parseFunctionBodyAndFinish (C:\Users\Huynh Nhu\Downloads\Project\frontend\node_modules\@babel\parser\lib\index.js:9189:18)
      at C:\Users\Huynh Nhu\Downloads\Project\frontend\node_modules\@babel\parser\lib\index.js:13462:12
      at TypeScriptParserMixin.withSmartMixTopicForbiddingContext (C:\Users\Huynh Nhu\Downloads\Project\frontend\node_modules\@babel\parser\lib\index.js:12420:14)
      at TypeScriptParserMixin.parseFunction (C:\Users\Huynh Nhu\Downloads\Project\frontend\node_modules\@babel\parser\lib\index.js:13461:10)
      at TypeScriptParserMixin.parseExportDefaultExpression (C:\Users\Huynh Nhu\Downloads\Project\frontend\node_modules\@babel\parser\lib\index.js:13924:19)
      at TypeScriptParserMixin.parseExportDefaultExpression (C:\Users\Huynh Nhu\Downloads\Project\frontend\node_modules\@babel\parser\lib\index.js:9419:18)
      at TypeScriptParserMixin.parseExport (C:\Users\Huynh Nhu\Downloads\Project\frontend\node_modules\@babel\parser\lib\index.js:13845:25)
      at TypeScriptParserMixin.parseExport (C:\Users\Huynh Nhu\Downloads\Project\frontend\node_modules\@babel\parser\lib\index.js:9402:20)
      at TypeScriptParserMixin.parseStatementContent (C:\Users\Huynh Nhu\Downloads\Project\frontend\node_modules\@babel\parser\lib\index.js:12895:27)
      at TypeScriptParserMixin.parseStatementContent (C:\Users\Huynh Nhu\Downloads\Project\frontend\node_modules\@babel\parser\lib\index.js:9525:18)
      at TypeScriptParserMixin.parseStatementLike (C:\Users\Huynh Nhu\Downloads\Project\frontend\node_modules\@babel\parser\lib\index.js:12784:17)
      at TypeScriptParserMixin.parseModuleItem (C:\Users\Huynh Nhu\Downloads\Project\frontend\node_modules\@babel\parser\lib\index.js:12761:17)
      at TypeScriptParserMixin.parseBlockOrModuleBlockBody (C:\Users\Huynh Nhu\Downloads\Project\frontend\node_modules\@babel\parser\lib\index.js:13333:36)
      at TypeScriptParserMixin.parseBlockBody (C:\Users\Huynh Nhu\Downloads\Project\frontend\node_modules\@babel\parser\lib\index.js:13326:10)
      at TypeScriptParserMixin.parseProgram (C:\Users\Huynh Nhu\Downloads\Project\frontend\node_modules\@babel\parser\lib\index.js:12639:10)
      at TypeScriptParserMixin.parseTopLevel (C:\Users\Huynh Nhu\Downloads\Project\frontend\node_modules\@babel\parser\lib\index.js:12629:25)
      at TypeScriptParserMixin.parse (C:\Users\Huynh Nhu\Downloads\Project\frontend\node_modules\@babel\parser\lib\index.js:14505:25)
      at TypeScriptParserMixin.parse (C:\Users\Huynh Nhu\Downloads\Project\frontend\node_modules\@babel\parser\lib\index.js:10143:18)
      at parse (C:\Users\Huynh Nhu\Downloads\Project\frontend\node_modules\@babel\parser\lib\index.js:14539:38)
      at parser (C:\Users\Huynh Nhu\Downloads\Project\frontend\node_modules\@babel\core\lib\parser\index.js:41:34)
      at parser.next (<anonymous>)
      at normalizeFile (C:\Users\Huynh Nhu\Downloads\Project\frontend\node_modules\@babel\core\lib\transformation\normalize-file.js:64:37)
      at normalizeFile.next (<anonymous>)
      at run (C:\Users\Huynh Nhu\Downloads\Project\frontend\node_modules\@babel\core\lib\transformation\index.js:22:50)
      at run.next (<anonymous>)
      at transform (C:\Users\Huynh Nhu\Downloads\Project\frontend\node_modules\@babel\core\lib\transform.js:22:33)
      at transform.next (<anonymous>)
      at step (C:\Users\Huynh Nhu\Downloads\Project\frontend\node_modules\gensync\index.js:261:32)
[2m5:49:28 PM[22m [31m[1m[vite][22m[39m [31mInternal server error: C:\Users\Huynh Nhu\Downloads\Project\frontend\src\pages\AdminDashboard.tsx: Identifier 'groupedTabs' has already been declared. (2073:8)

[0m [90m 2071 |[31m     [36mreturn[31m groups[33m;[31m
 [90m 2072 |[31m   }[33m,[31m {})[33m;[31m
[31m[1m>[22m[31m[90m 2073 |[31m   [36mconst[31m groupedTabs [33m=[31m availableTabs[33m.[31mreduce[33m<[31m[33mRecord[31m[33m<[31m[33mstring[31m[33m,[31m [36mtypeof[31m availableTabs[33m>>[31m((groups[33m,[31m item) [33m=>[31m {
 [90m      |[31m         [31m[1m^[22m[31m
 [90m 2074 |[31m     groups[item[33m.[31mgroup] [33m=[31m [[33m...[31m(groups[item[33m.[31mgroup] [33m||[31m [])[33m,[31m item][33m;[31m
 [90m 2075 |[31m     [36mreturn[31m groups[33m;[31m
 [90m 2076 |[31m   }[33m,[31m {})[33m;[31m[0m[39m
  Plugin: [35mvite:react-babel[39m
  File: [36mC:/Users/Huynh Nhu/Downloads/Project/frontend/src/pages/AdminDashboard.tsx[39m:2073:8
[33m  2071|      return groups;
  2072|    }, {});
  2073|    const groupedTabs = availableTabs.reduce<Record<string, typeof availableTabs>>((groups, item) => {
     |          ^
  2074|      groups[item.group] = [...(groups[item.group] || []), item];
  2075|      return groups;[39m
      at constructor (C:\Users\Huynh Nhu\Downloads\Project\frontend\node_modules\@babel\parser\lib\index.js:365:19)
      at TypeScriptParserMixin.raise (C:\Users\Huynh Nhu\Downloads\Project\frontend\node_modules\@babel\parser\lib\index.js:6616:19)
      at TypeScriptScopeHandler.checkRedeclarationInScope (C:\Users\Huynh Nhu\Downloads\Project\frontend\node_modules\@babel\parser\lib\index.js:1619:19)
      at TypeScriptScopeHandler.declareName (C:\Users\Huynh Nhu\Downloads\Project\frontend\node_modules\@babel\parser\lib\index.js:1585:12)
      at TypeScriptScopeHandler.declareName (C:\Users\Huynh Nhu\Downloads\Project\frontend\node_modules\@babel\parser\lib\index.js:4892:11)
      at TypeScriptParserMixin.declareNameFromIdentifier (C:\Users\Huynh Nhu\Downloads\Project\frontend\node_modules\@babel\parser\lib\index.js:7584:16)
      at TypeScriptParserMixin.checkIdentifier (C:\Users\Huynh Nhu\Downloads\Project\frontend\node_modules\@babel\parser\lib\index.js:7580:12)
      at TypeScriptParserMixin.checkLVal (C:\Users\Huynh Nhu\Downloads\Project\frontend\node_modules\@babel\parser\lib\index.js:7517:12)
      at TypeScriptParserMixin.parseVarId (C:\Users\Huynh Nhu\Downloads\Project\frontend\node_modules\@babel\parser\lib\index.js:13429:10)
      at TypeScriptParserMixin.parseVarId (C:\Users\Huynh Nhu\Downloads\Project\frontend\node_modules\@babel\parser\lib\index.js:9769:11)
      at TypeScriptParserMixin.parseVar (C:\Users\Huynh Nhu\Downloads\Project\frontend\node_modules\@babel\parser\lib\index.js:13400:12)
      at TypeScriptParserMixin.parseVarStatement (C:\Users\Huynh Nhu\Downloads\Project\frontend\node_modules\@babel\parser\lib\index.js:13247:10)
      at TypeScriptParserMixin.parseVarStatement (C:\Users\Huynh Nhu\Downloads\Project\frontend\node_modules\@babel\parser\lib\index.js:9425:31)
      at TypeScriptParserMixin.parseStatementContent (C:\Users\Huynh Nhu\Downloads\Project\frontend\node_modules\@babel\parser\lib\index.js:12868:23)
      at TypeScriptParserMixin.parseStatementContent (C:\Users\Huynh Nhu\Downloads\Project\frontend\node_modules\@babel\parser\lib\index.js:9525:18)
      at TypeScriptParserMixin.parseStatementLike (C:\Users\Huynh Nhu\Downloads\Project\frontend\node_modules\@babel\parser\lib\index.js:12784:17)
      at TypeScriptParserMixin.parseStatementListItem (C:\Users\Huynh Nhu\Downloads\Project\frontend\node_modules\@babel\parser\lib\index.js:12764:17)
      at TypeScriptParserMixin.parseBlockOrModuleBlockBody (C:\Users\Huynh Nhu\Downloads\Project\frontend\node_modules\@babel\parser\lib\index.js:13333:61)
      at TypeScriptParserMixin.parseBlockBody (C:\Users\Huynh Nhu\Downloads\Project\frontend\node_modules\@babel\parser\lib\index.js:13326:10)
      at TypeScriptParserMixin.parseBlock (C:\Users\Huynh Nhu\Downloads\Project\frontend\node_modules\@babel\parser\lib\index.js:13314:10)
      at TypeScriptParserMixin.parseFunctionBody (C:\Users\Huynh Nhu\Downloads\Project\frontend\node_modules\@babel\parser\lib\index.js:12117:24)
      at TypeScriptParserMixin.parseFunctionBodyAndFinish (C:\Users\Huynh Nhu\Downloads\Project\frontend\node_modules\@babel\parser\lib\index.js:12103:10)
      at TypeScriptParserMixin.parseFunctionBodyAndFinish (C:\Users\Huynh Nhu\Downloads\Project\frontend\node_modules\@babel\parser\lib\index.js:9189:18)
      at C:\Users\Huynh Nhu\Downloads\Project\frontend\node_modules\@babel\parser\lib\index.js:13462:12
      at TypeScriptParserMixin.withSmartMixTopicForbiddingContext (C:\Users\Huynh Nhu\Downloads\Project\frontend\node_modules\@babel\parser\lib\index.js:12420:14)
      at TypeScriptParserMixin.parseFunction (C:\Users\Huynh Nhu\Downloads\Project\frontend\node_modules\@babel\parser\lib\index.js:13461:10)
      at TypeScriptParserMixin.parseExportDefaultExpression (C:\Users\Huynh Nhu\Downloads\Project\frontend\node_modules\@babel\parser\lib\index.js:13924:19)
      at TypeScriptParserMixin.parseExportDefaultExpression (C:\Users\Huynh Nhu\Downloads\Project\frontend\node_modules\@babel\parser\lib\index.js:9419:18)
      at TypeScriptParserMixin.parseExport (C:\Users\Huynh Nhu\Downloads\Project\frontend\node_modules\@babel\parser\lib\index.js:13845:25)
      at TypeScriptParserMixin.parseExport (C:\Users\Huynh Nhu\Downloads\Project\frontend\node_modules\@babel\parser\lib\index.js:9402:20)
      at TypeScriptParserMixin.parseStatementContent (C:\Users\Huynh Nhu\Downloads\Project\frontend\node_modules\@babel\parser\lib\index.js:12895:27)
      at TypeScriptParserMixin.parseStatementContent (C:\Users\Huynh Nhu\Downloads\Project\frontend\node_modules\@babel\parser\lib\index.js:9525:18)
      at TypeScriptParserMixin.parseStatementLike (C:\Users\Huynh Nhu\Downloads\Project\frontend\node_modules\@babel\parser\lib\index.js:12784:17)
      at TypeScriptParserMixin.parseModuleItem (C:\Users\Huynh Nhu\Downloads\Project\frontend\node_modules\@babel\parser\lib\index.js:12761:17)
      at TypeScriptParserMixin.parseBlockOrModuleBlockBody (C:\Users\Huynh Nhu\Downloads\Project\frontend\node_modules\@babel\parser\lib\index.js:13333:36)
      at TypeScriptParserMixin.parseBlockBody (C:\Users\Huynh Nhu\Downloads\Project\frontend\node_modules\@babel\parser\lib\index.js:13326:10)
      at TypeScriptParserMixin.parseProgram (C:\Users\Huynh Nhu\Downloads\Project\frontend\node_modules\@babel\parser\lib\index.js:12639:10)
      at TypeScriptParserMixin.parseTopLevel (C:\Users\Huynh Nhu\Downloads\Project\frontend\node_modules\@babel\parser\lib\index.js:12629:25)
      at TypeScriptParserMixin.parse (C:\Users\Huynh Nhu\Downloads\Project\frontend\node_modules\@babel\parser\lib\index.js:14505:25)
      at TypeScriptParserMixin.parse (C:\Users\Huynh Nhu\Downloads\Project\frontend\node_modules\@babel\parser\lib\index.js:10143:18)
      at parse (C:\Users\Huynh Nhu\Downloads\Project\frontend\node_modules\@babel\parser\lib\index.js:14539:38)
      at parser (C:\Users\Huynh Nhu\Downloads\Project\frontend\node_modules\@babel\core\lib\parser\index.js:41:34)
      at parser.next (<anonymous>)
      at normalizeFile (C:\Users\Huynh Nhu\Downloads\Project\frontend\node_modules\@babel\core\lib\transformation\normalize-file.js:64:37)
      at normalizeFile.next (<anonymous>)
      at run (C:\Users\Huynh Nhu\Downloads\Project\frontend\node_modules\@babel\core\lib\transformation\index.js:22:50)
      at run.next (<anonymous>)
      at transform (C:\Users\Huynh Nhu\Downloads\Project\frontend\node_modules\@babel\core\lib\transform.js:22:33)
      at transform.next (<anonymous>)
      at step (C:\Users\Huynh Nhu\Downloads\Project\frontend\node_modules\gensync\index.js:261:32)
[2m5:49:28 PM[22m [31m[1m[vite][22m[39m [31mInternal server error: C:\Users\Huynh Nhu\Downloads\Project\frontend\src\pages\AdminDashboard.tsx: Identifier 'groupedTabs' has already been declared. (2073:8)

[0m [90m 2071 |[31m     [36mreturn[31m groups[33m;[31m
 [90m 2072 |[31m   }[33m,[31m {})[33m;[31m
[31m[1m>[22m[31m[90m 2073 |[31m   [36mconst[31m groupedTabs [33m=[31m availableTabs[33m.[31mreduce[33m<[31m[33mRecord[31m[33m<[31m[33mstring[31m[33m,[31m [36mtypeof[31m availableTabs[33m>>[31m((groups[33m,[31m item) [33m=>[31m {
 [90m      |[31m         [31m[1m^[22m[31m
 [90m 2074 |[31m     groups[item[33m.[31mgroup] [33m=[31m [[33m...[31m(groups[item[33m.[31mgroup] [33m||[31m [])[33m,[31m item][33m;[31m
 [90m 2075 |[31m     [36mreturn[31m groups[33m;[31m
 [90m 2076 |[31m   }[33m,[31m {})[33m;[31m[0m[39m
  Plugin: [35mvite:react-babel[39m
  File: [36mC:/Users/Huynh Nhu/Downloads/Project/frontend/src/pages/AdminDashboard.tsx[39m:2073:8
[33m  2071|      return groups;
  2072|    }, {});
  2073|    const groupedTabs = availableTabs.reduce<Record<string, typeof availableTabs>>((groups, item) => {
     |          ^
  2074|      groups[item.group] = [...(groups[item.group] || []), item];
  2075|      return groups;[39m
      at constructor (C:\Users\Huynh Nhu\Downloads\Project\frontend\node_modules\@babel\parser\lib\index.js:365:19)
      at TypeScriptParserMixin.raise (C:\Users\Huynh Nhu\Downloads\Project\frontend\node_modules\@babel\parser\lib\index.js:6616:19)
      at TypeScriptScopeHandler.checkRedeclarationInScope (C:\Users\Huynh Nhu\Downloads\Project\frontend\node_modules\@babel\parser\lib\index.js:1619:19)
      at TypeScriptScopeHandler.declareName (C:\Users\Huynh Nhu\Downloads\Project\frontend\node_modules\@babel\parser\lib\index.js:1585:12)
      at TypeScriptScopeHandler.declareName (C:\Users\Huynh Nhu\Downloads\Project\frontend\node_modules\@babel\parser\lib\index.js:4892:11)
      at TypeScriptParserMixin.declareNameFromIdentifier (C:\Users\Huynh Nhu\Downloads\Project\frontend\node_modules\@babel\parser\lib\index.js:7584:16)
      at TypeScriptParserMixin.checkIdentifier (C:\Users\Huynh Nhu\Downloads\Project\frontend\node_modules\@babel\parser\lib\index.js:7580:12)
      at TypeScriptParserMixin.checkLVal (C:\Users\Huynh Nhu\Downloads\Project\frontend\node_modules\@babel\parser\lib\index.js:7517:12)
      at TypeScriptParserMixin.parseVarId (C:\Users\Huynh Nhu\Downloads\Project\frontend\node_modules\@babel\parser\lib\index.js:13429:10)
      at TypeScriptParserMixin.parseVarId (C:\Users\Huynh Nhu\Downloads\Project\frontend\node_modules\@babel\parser\lib\index.js:9769:11)
      at TypeScriptParserMixin.parseVar (C:\Users\Huynh Nhu\Downloads\Project\frontend\node_modules\@babel\parser\lib\index.js:13400:12)
      at TypeScriptParserMixin.parseVarStatement (C:\Users\Huynh Nhu\Downloads\Project\frontend\node_modules\@babel\parser\lib\index.js:13247:10)
      at TypeScriptParserMixin.parseVarStatement (C:\Users\Huynh Nhu\Downloads\Project\frontend\node_modules\@babel\parser\lib\index.js:9425:31)
      at TypeScriptParserMixin.parseStatementContent (C:\Users\Huynh Nhu\Downloads\Project\frontend\node_modules\@babel\parser\lib\index.js:12868:23)
      at TypeScriptParserMixin.parseStatementContent (C:\Users\Huynh Nhu\Downloads\Project\frontend\node_modules\@babel\parser\lib\index.js:9525:18)
      at TypeScriptParserMixin.parseStatementLike (C:\Users\Huynh Nhu\Downloads\Project\frontend\node_modules\@babel\parser\lib\index.js:12784:17)
      at TypeScriptParserMixin.parseStatementListItem (C:\Users\Huynh Nhu\Downloads\Project\frontend\node_modules\@babel\parser\lib\index.js:12764:17)
      at TypeScriptParserMixin.parseBlockOrModuleBlockBody (C:\Users\Huynh Nhu\Downloads\Project\frontend\node_modules\@babel\parser\lib\index.js:13333:61)
      at TypeScriptParserMixin.parseBlockBody (C:\Users\Huynh Nhu\Downloads\Project\frontend\node_modules\@babel\parser\lib\index.js:13326:10)
      at TypeScriptParserMixin.parseBlock (C:\Users\Huynh Nhu\Downloads\Project\frontend\node_modules\@babel\parser\lib\index.js:13314:10)
      at TypeScriptParserMixin.parseFunctionBody (C:\Users\Huynh Nhu\Downloads\Project\frontend\node_modules\@babel\parser\lib\index.js:12117:24)
      at TypeScriptParserMixin.parseFunctionBodyAndFinish (C:\Users\Huynh Nhu\Downloads\Project\frontend\node_modules\@babel\parser\lib\index.js:12103:10)
      at TypeScriptParserMixin.parseFunctionBodyAndFinish (C:\Users\Huynh Nhu\Downloads\Project\frontend\node_modules\@babel\parser\lib\index.js:9189:18)
      at C:\Users\Huynh Nhu\Downloads\Project\frontend\node_modules\@babel\parser\lib\index.js:13462:12
      at TypeScriptParserMixin.withSmartMixTopicForbiddingContext (C:\Users\Huynh Nhu\Downloads\Project\frontend\node_modules\@babel\parser\lib\index.js:12420:14)
      at TypeScriptParserMixin.parseFunction (C:\Users\Huynh Nhu\Downloads\Project\frontend\node_modules\@babel\parser\lib\index.js:13461:10)
      at TypeScriptParserMixin.parseExportDefaultExpression (C:\Users\Huynh Nhu\Downloads\Project\frontend\node_modules\@babel\parser\lib\index.js:13924:19)
      at TypeScriptParserMixin.parseExportDefaultExpression (C:\Users\Huynh Nhu\Downloads\Project\frontend\node_modules\@babel\parser\lib\index.js:9419:18)
      at TypeScriptParserMixin.parseExport (C:\Users\Huynh Nhu\Downloads\Project\frontend\node_modules\@babel\parser\lib\index.js:13845:25)
      at TypeScriptParserMixin.parseExport (C:\Users\Huynh Nhu\Downloads\Project\frontend\node_modules\@babel\parser\lib\index.js:9402:20)
      at TypeScriptParserMixin.parseStatementContent (C:\Users\Huynh Nhu\Downloads\Project\frontend\node_modules\@babel\parser\lib\index.js:12895:27)
      at TypeScriptParserMixin.parseStatementContent (C:\Users\Huynh Nhu\Downloads\Project\frontend\node_modules\@babel\parser\lib\index.js:9525:18)
      at TypeScriptParserMixin.parseStatementLike (C:\Users\Huynh Nhu\Downloads\Project\frontend\node_modules\@babel\parser\lib\index.js:12784:17)
      at TypeScriptParserMixin.parseModuleItem (C:\Users\Huynh Nhu\Downloads\Project\frontend\node_modules\@babel\parser\lib\index.js:12761:17)
      at TypeScriptParserMixin.parseBlockOrModuleBlockBody (C:\Users\Huynh Nhu\Downloads\Project\frontend\node_modules\@babel\parser\lib\index.js:13333:36)
      at TypeScriptParserMixin.parseBlockBody (C:\Users\Huynh Nhu\Downloads\Project\frontend\node_modules\@babel\parser\lib\index.js:13326:10)
      at TypeScriptParserMixin.parseProgram (C:\Users\Huynh Nhu\Downloads\Project\frontend\node_modules\@babel\parser\lib\index.js:12639:10)
      at TypeScriptParserMixin.parseTopLevel (C:\Users\Huynh Nhu\Downloads\Project\frontend\node_modules\@babel\parser\lib\index.js:12629:25)
      at TypeScriptParserMixin.parse (C:\Users\Huynh Nhu\Downloads\Project\frontend\node_modules\@babel\parser\lib\index.js:14505:25)
      at TypeScriptParserMixin.parse (C:\Users\Huynh Nhu\Downloads\Project\frontend\node_modules\@babel\parser\lib\index.js:10143:18)
      at parse (C:\Users\Huynh Nhu\Downloads\Project\frontend\node_modules\@babel\parser\lib\index.js:14539:38)
      at parser (C:\Users\Huynh Nhu\Downloads\Project\frontend\node_modules\@babel\core\lib\parser\index.js:41:34)
      at parser.next (<anonymous>)
      at normalizeFile (C:\Users\Huynh Nhu\Downloads\Project\frontend\node_modules\@babel\core\lib\transformation\normalize-file.js:64:37)
      at normalizeFile.next (<anonymous>)
      at run (C:\Users\Huynh Nhu\Downloads\Project\frontend\node_modules\@babel\core\lib\transformation\index.js:22:50)
      at run.next (<anonymous>)
      at transform (C:\Users\Huynh Nhu\Downloads\Project\frontend\node_modules\@babel\core\lib\transform.js:22:33)
      at transform.next (<anonymous>)
      at step (C:\Users\Huynh Nhu\Downloads\Project\frontend\node_modules\gensync\index.js:261:32)
